<?xml version="1.0" encoding="UTF-8"?>
<testsuite name="com.pduda.field.ShoppingCartTest" tests="4" skipped="0" failures="0" errors="0" timestamp="2019-07-22T08:14:45" hostname="Damians-MacBook-Pro.local" time="0.002">
  <properties/>
  <testcase name="singleItem_totalPrice" classname="com.pduda.field.ShoppingCartTest" time="0.0"/>
  <testcase name="singleItem_numberOfProductsInTheCart" classname="com.pduda.field.ShoppingCartTest" time="0.0"/>
  <testcase name="singleItem_hasDiscountIfContainsAtLeastOneProductWorthAtLeast100" classname="com.pduda.field.ShoppingCartTest" time="0.0"/>
  <testcase name="singleItem_doesNotHaveDiscountIfContainsNoProductsWorthAtLeast100" classname="com.pduda.field.ShoppingCartTest" time="0.0"/>
  <system-out><![CDATA[]]></system-out>
  <system-err><![CDATA[]]></system-err>
</testsuite>
