<?xml version="1.0" encoding="UTF-8"?>
<testsuite name="com.pduda.field.ImagineThisIsAClientInADifferentRepositoryTest" tests="1" skipped="0" failures="0" errors="0" timestamp="2019-07-22T08:12:34" hostname="Damians-MacBook-Pro.local" time="0.002">
  <properties/>
  <testcase name="singleItem_numberOfProductsInTheCart" classname="com.pduda.field.ImagineThisIsAClientInADifferentRepositoryTest" time="0.002"/>
  <system-out><![CDATA[]]></system-out>
  <system-err><![CDATA[]]></system-err>
</testsuite>
